<?xml version="1.0" encoding="utf-8"?><testsuites name="pytest tests"><testsuite name="pytest" errors="59" failures="5" skipped="0" tests="74" time="5.771" timestamp="2026-05-24T20:24:34.239000+00:00" hostname="agent-env-62ccc1dc-10c8-4f5d-bc3d-5543f854156d"><testcase classname="backend.tests.test_izqms_backend.TestHealth" name="test_root" time="0.183" /><testcase classname="backend.tests.test_izqms_backend.TestAuth" name="test_login_success_returns_user_and_token_and_sets_cookies" time="0.331"><failure message="assert 401 == 200&#10; +  where 401 = &lt;Response [401]&gt;.status_code">E   assert 401 == 200
     +  where 401 = &lt;Response [401]&gt;.status_code</failure></testcase><testcase classname="backend.tests.test_izqms_backend.TestAuth" name="test_login_wrong_password_401" time="0.341" /><testcase classname="backend.tests.test_izqms_backend.TestAuth" name="test_auth_me_via_cookie" time="0.338"><failure message="assert 401 == 200&#10; +  where 401 = &lt;Response [401]&gt;.status_code">E   assert 401 == 200
     +  where 401 = &lt;Response [401]&gt;.status_code</failure></testcase><testcase classname="backend.tests.test_izqms_backend.TestAuth" name="test_auth_me_via_bearer" time="0.327"><failure message="KeyError: 'access_token'">E   KeyError: 'access_token'</failure></testcase><testcase classname="backend.tests.test_izqms_backend.TestAuth" name="test_logout_clears_cookies" time="0.414"><failure message="assert 401 == 200&#10; +  where 401 = &lt;Response [401]&gt;.status_code">E   assert 401 == 200
     +  where 401 = &lt;Response [401]&gt;.status_code</failure></testcase><testcase classname="backend.tests.test_izqms_backend.TestAuth" name="test_unauthenticated_rejected" time="0.700" /><testcase classname="backend.tests.test_izqms_backend.TestAuth" name="test_brute_force_lockout" time="0.680" /><testcase classname="backend.tests.test_izqms_backend.TestDashboard" name="test_summary" time="0.118"><error message="failed on setup with &quot;AssertionError: Admin login failed: 429 {&quot;detail&quot;:&quot;Account temporarily locked. Try again later.&quot;}&#10;assert 429 == 200&#10; +  where 429 = &lt;Response [429]&gt;.status_code&quot;">E   AssertionError: Admin login failed: 429 {"detail":"Account temporarily locked. Try again later."}
    assert 429 == 200
     +  where 429 = &lt;Response [429]&gt;.status_code</error></testcase><testcase classname="backend.tests.test_izqms_backend.TestDashboard" name="test_my_tasks_admin" time="0.000"><error message="failed on setup with &quot;AssertionError: Admin login failed: 429 {&quot;detail&quot;:&quot;Account temporarily locked. Try again later.&quot;}&#10;assert 429 == 200&#10; +  where 429 = &lt;Response [429]&gt;.status_code&quot;">E   AssertionError: Admin login failed: 429 {"detail":"Account temporarily locked. Try again later."}
    assert 429 == 200
     +  where 429 = &lt;Response [429]&gt;.status_code</error></testcase><testcase classname="backend.tests.test_izqms_backend.TestDashboard" name="test_my_tasks_initiator_returns_empty" time="0.400" /><testcase classname="backend.tests.test_izqms_backend.TestRecords" name="test_list_with_filters" time="0.000"><error message="failed on setup with &quot;AssertionError: Admin login failed: 429 {&quot;detail&quot;:&quot;Account temporarily locked. Try again later.&quot;}&#10;assert 429 == 200&#10; +  where 429 = &lt;Response [429]&gt;.status_code&quot;">E   AssertionError: Admin login failed: 429 {"detail":"Account temporarily locked. Try again later."}
    assert 429 == 200
     +  where 429 = &lt;Response [429]&gt;.status_code</error></testcase><testcase classname="backend.tests.test_izqms_backend.TestRecords" name="test_create_record_and_persistence" time="0.000"><error message="failed on setup with &quot;AssertionError: Admin login failed: 429 {&quot;detail&quot;:&quot;Account temporarily locked. Try again later.&quot;}&#10;assert 429 == 200&#10; +  where 429 = &lt;Response [429]&gt;.status_code&quot;">E   AssertionError: Admin login failed: 429 {"detail":"Account temporarily locked. Try again later."}
    assert 429 == 200
     +  where 429 = &lt;Response [429]&gt;.status_code</error></testcase><testcase classname="backend.tests.test_izqms_backend.TestRecords" name="test_record_numbering_sequential" time="0.000"><error message="failed on setup with &quot;AssertionError: Admin login failed: 429 {&quot;detail&quot;:&quot;Account temporarily locked. Try again later.&quot;}&#10;assert 429 == 200&#10; +  where 429 = &lt;Response [429]&gt;.status_code&quot;">E   AssertionError: Admin login failed: 429 {"detail":"Account temporarily locked. Try again later."}
    assert 429 == 200
     +  where 429 = &lt;Response [429]&gt;.status_code</error></testcase><testcase classname="backend.tests.test_izqms_backend.TestRecords" name="test_patch_record_audits_old_new" time="0.001"><error message="failed on setup with &quot;AssertionError: Admin login failed: 429 {&quot;detail&quot;:&quot;Account temporarily locked. Try again later.&quot;}&#10;assert 429 == 200&#10; +  where 429 = &lt;Response [429]&gt;.status_code&quot;">E   AssertionError: Admin login failed: 429 {"detail":"Account temporarily locked. Try again later."}
    assert 429 == 200
     +  where 429 = &lt;Response [429]&gt;.status_code</error></testcase><testcase classname="backend.tests.test_izqms_backend.TestRecords" name="test_get_nonexistent_record_404" time="0.001"><error message="failed on setup with &quot;AssertionError: Admin login failed: 429 {&quot;detail&quot;:&quot;Account temporarily locked. Try again later.&quot;}&#10;assert 429 == 200&#10; +  where 429 = &lt;Response [429]&gt;.status_code&quot;">E   AssertionError: Admin login failed: 429 {"detail":"Account temporarily locked. Try again later."}
    assert 429 == 200
     +  where 429 = &lt;Response [429]&gt;.status_code</error></testcase><testcase classname="backend.tests.test_izqms_backend.TestWorkflow" name="test_esign_invalid_password_returns_401_and_audits" time="0.000"><error message="failed on setup with &quot;AssertionError: Admin login failed: 429 {&quot;detail&quot;:&quot;Account temporarily locked. Try again later.&quot;}&#10;assert 429 == 200&#10; +  where 429 = &lt;Response [429]&gt;.status_code&quot;">E   AssertionError: Admin login failed: 429 {"detail":"Account temporarily locked. Try again later."}
    assert 429 == 200
     +  where 429 = &lt;Response [429]&gt;.status_code</error></testcase><testcase classname="backend.tests.test_izqms_backend.TestWorkflow" name="test_full_workflow_open_review_approve_close" time="0.000"><error message="failed on setup with &quot;AssertionError: Admin login failed: 429 {&quot;detail&quot;:&quot;Account temporarily locked. Try again later.&quot;}&#10;assert 429 == 200&#10; +  where 429 = &lt;Response [429]&gt;.status_code&quot;">E   AssertionError: Admin login failed: 429 {"detail":"Account temporarily locked. Try again later."}
    assert 429 == 200
     +  where 429 = &lt;Response [429]&gt;.status_code</error></testcase><testcase classname="backend.tests.test_izqms_backend.TestWorkflow" name="test_reject_then_reopen" time="0.001"><error message="failed on setup with &quot;AssertionError: Admin login failed: 429 {&quot;detail&quot;:&quot;Account temporarily locked. Try again later.&quot;}&#10;assert 429 == 200&#10; +  where 429 = &lt;Response [429]&gt;.status_code&quot;">E   AssertionError: Admin login failed: 429 {"detail":"Account temporarily locked. Try again later."}
    assert 429 == 200
     +  where 429 = &lt;Response [429]&gt;.status_code</error></testcase><testcase classname="backend.tests.test_izqms_backend.TestWorkflow" name="test_reviewer_only_user_cannot_approve" time="0.000"><error message="failed on setup with &quot;AssertionError: Admin login failed: 429 {&quot;detail&quot;:&quot;Account temporarily locked. Try again later.&quot;}&#10;assert 429 == 200&#10; +  where 429 = &lt;Response [429]&gt;.status_code&quot;">E   AssertionError: Admin login failed: 429 {"detail":"Account temporarily locked. Try again later."}
    assert 429 == 200
     +  where 429 = &lt;Response [429]&gt;.status_code</error></testcase><testcase classname="backend.tests.test_izqms_backend.TestComments" name="test_add_and_list_comments" time="0.000"><error message="failed on setup with &quot;AssertionError: Admin login failed: 429 {&quot;detail&quot;:&quot;Account temporarily locked. Try again later.&quot;}&#10;assert 429 == 200&#10; +  where 429 = &lt;Response [429]&gt;.status_code&quot;">E   AssertionError: Admin login failed: 429 {"detail":"Account temporarily locked. Try again later."}
    assert 429 == 200
     +  where 429 = &lt;Response [429]&gt;.status_code</error></testcase><testcase classname="backend.tests.test_izqms_backend.TestUsers" name="test_list_users_no_password_hash" time="0.000"><error message="failed on setup with &quot;AssertionError: Admin login failed: 429 {&quot;detail&quot;:&quot;Account temporarily locked. Try again later.&quot;}&#10;assert 429 == 200&#10; +  where 429 = &lt;Response [429]&gt;.status_code&quot;">E   AssertionError: Admin login failed: 429 {"detail":"Account temporarily locked. Try again later."}
    assert 429 == 200
     +  where 429 = &lt;Response [429]&gt;.status_code</error></testcase><testcase classname="backend.tests.test_izqms_backend.TestUsers" name="test_patch_user_as_admin_audits" time="0.000"><error message="failed on setup with &quot;AssertionError: Admin login failed: 429 {&quot;detail&quot;:&quot;Account temporarily locked. Try again later.&quot;}&#10;assert 429 == 200&#10; +  where 429 = &lt;Response [429]&gt;.status_code&quot;">E   AssertionError: Admin login failed: 429 {"detail":"Account temporarily locked. Try again later."}
    assert 429 == 200
     +  where 429 = &lt;Response [429]&gt;.status_code</error></testcase><testcase classname="backend.tests.test_izqms_backend.TestUsers" name="test_patch_user_as_non_admin_403" time="0.456" /><testcase classname="backend.tests.test_izqms_backend.TestAuditGlobal" name="test_audit_filters" time="0.000"><error message="failed on setup with &quot;AssertionError: Admin login failed: 429 {&quot;detail&quot;:&quot;Account temporarily locked. Try again later.&quot;}&#10;assert 429 == 200&#10; +  where 429 = &lt;Response [429]&gt;.status_code&quot;">E   AssertionError: Admin login failed: 429 {"detail":"Account temporarily locked. Try again later."}
    assert 429 == 200
     +  where 429 = &lt;Response [429]&gt;.status_code</error></testcase><testcase classname="backend.tests.test_izqms_backend.TestAuditGlobal" name="test_audit_filter_by_email" time="0.000"><error message="failed on setup with &quot;AssertionError: Admin login failed: 429 {&quot;detail&quot;:&quot;Account temporarily locked. Try again later.&quot;}&#10;assert 429 == 200&#10; +  where 429 = &lt;Response [429]&gt;.status_code&quot;">E   AssertionError: Admin login failed: 429 {"detail":"Account temporarily locked. Try again later."}
    assert 429 == 200
     +  where 429 = &lt;Response [429]&gt;.status_code</error></testcase><testcase classname="backend.tests.test_phase_a.TestUserCreate" name="test_admin_creates_user_with_temp_password" time="0.113"><error message="failed on setup with &quot;AssertionError: login admin@izqms.com failed: 429 {&quot;detail&quot;:&quot;Account temporarily locked. Try again later.&quot;}&#10;assert 429 == 200&#10; +  where 429 = &lt;Response [429]&gt;.status_code&quot;">E   AssertionError: login admin@izqms.com failed: 429 {"detail":"Account temporarily locked. Try again later."}
    assert 429 == 200
     +  where 429 = &lt;Response [429]&gt;.status_code</error></testcase><testcase classname="backend.tests.test_phase_a.TestUserCreate" name="test_admin_creates_user_with_given_password_no_temp" time="0.000"><error message="failed on setup with &quot;AssertionError: login admin@izqms.com failed: 429 {&quot;detail&quot;:&quot;Account temporarily locked. Try again later.&quot;}&#10;assert 429 == 200&#10; +  where 429 = &lt;Response [429]&gt;.status_code&quot;">E   AssertionError: login admin@izqms.com failed: 429 {"detail":"Account temporarily locked. Try again later."}
    assert 429 == 200
     +  where 429 = &lt;Response [429]&gt;.status_code</error></testcase><testcase classname="backend.tests.test_phase_a.TestUserCreate" name="test_duplicate_email_returns_400" time="0.000"><error message="failed on setup with &quot;AssertionError: login admin@izqms.com failed: 429 {&quot;detail&quot;:&quot;Account temporarily locked. Try again later.&quot;}&#10;assert 429 == 200&#10; +  where 429 = &lt;Response [429]&gt;.status_code&quot;">E   AssertionError: login admin@izqms.com failed: 429 {"detail":"Account temporarily locked. Try again later."}
    assert 429 == 200
     +  where 429 = &lt;Response [429]&gt;.status_code</error></testcase><testcase classname="backend.tests.test_phase_a.TestUserCreate" name="test_duplicate_username_returns_400" time="0.000"><error message="failed on setup with &quot;AssertionError: login admin@izqms.com failed: 429 {&quot;detail&quot;:&quot;Account temporarily locked. Try again later.&quot;}&#10;assert 429 == 200&#10; +  where 429 = &lt;Response [429]&gt;.status_code&quot;">E   AssertionError: login admin@izqms.com failed: 429 {"detail":"Account temporarily locked. Try again later."}
    assert 429 == 200
     +  where 429 = &lt;Response [429]&gt;.status_code</error></testcase><testcase classname="backend.tests.test_phase_a.TestUserCreate" name="test_initiator_cannot_create_user" time="0.376" /><testcase classname="backend.tests.test_phase_a.TestUserCreate" name="test_wrong_esign_password_returns_401" time="0.000"><error message="failed on setup with &quot;AssertionError: login admin@izqms.com failed: 429 {&quot;detail&quot;:&quot;Account temporarily locked. Try again later.&quot;}&#10;assert 429 == 200&#10; +  where 429 = &lt;Response [429]&gt;.status_code&quot;">E   AssertionError: login admin@izqms.com failed: 429 {"detail":"Account temporarily locked. Try again later."}
    assert 429 == 200
     +  where 429 = &lt;Response [429]&gt;.status_code</error></testcase><testcase classname="backend.tests.test_phase_a.TestUserList" name="test_get_users_expanded_fields" time="0.000"><error message="failed on setup with &quot;AssertionError: login admin@izqms.com failed: 429 {&quot;detail&quot;:&quot;Account temporarily locked. Try again later.&quot;}&#10;assert 429 == 200&#10; +  where 429 = &lt;Response [429]&gt;.status_code&quot;">E   AssertionError: login admin@izqms.com failed: 429 {"detail":"Account temporarily locked. Try again later."}
    assert 429 == 200
     +  where 429 = &lt;Response [429]&gt;.status_code</error></testcase><testcase classname="backend.tests.test_phase_a.TestUserActions" name="test_initiator_cannot_call_actions" time="0.000"><error message="failed on setup with &quot;AssertionError: login admin@izqms.com failed: 429 {&quot;detail&quot;:&quot;Account temporarily locked. Try again later.&quot;}&#10;assert 429 == 200&#10; +  where 429 = &lt;Response [429]&gt;.status_code&quot;">E   AssertionError: login admin@izqms.com failed: 429 {"detail":"Account temporarily locked. Try again later."}
    assert 429 == 200
     +  where 429 = &lt;Response [429]&gt;.status_code</error></testcase><testcase classname="backend.tests.test_phase_a.TestUserActions" name="test_wrong_esign_returns_401_and_audits_esign_failed" time="0.000"><error message="failed on setup with &quot;AssertionError: login admin@izqms.com failed: 429 {&quot;detail&quot;:&quot;Account temporarily locked. Try again later.&quot;}&#10;assert 429 == 200&#10; +  where 429 = &lt;Response [429]&gt;.status_code&quot;">E   AssertionError: login admin@izqms.com failed: 429 {"detail":"Account temporarily locked. Try again later."}
    assert 429 == 200
     +  where 429 = &lt;Response [429]&gt;.status_code</error></testcase><testcase classname="backend.tests.test_phase_a.TestUserActions" name="test_deactivate_then_activate" time="0.000"><error message="failed on setup with &quot;AssertionError: login admin@izqms.com failed: 429 {&quot;detail&quot;:&quot;Account temporarily locked. Try again later.&quot;}&#10;assert 429 == 200&#10; +  where 429 = &lt;Response [429]&gt;.status_code&quot;">E   AssertionError: login admin@izqms.com failed: 429 {"detail":"Account temporarily locked. Try again later."}
    assert 429 == 200
     +  where 429 = &lt;Response [429]&gt;.status_code</error></testcase><testcase classname="backend.tests.test_phase_a.TestUserActions" name="test_lock_then_unlock" time="0.000"><error message="failed on setup with &quot;AssertionError: login admin@izqms.com failed: 429 {&quot;detail&quot;:&quot;Account temporarily locked. Try again later.&quot;}&#10;assert 429 == 200&#10; +  where 429 = &lt;Response [429]&gt;.status_code&quot;">E   AssertionError: login admin@izqms.com failed: 429 {"detail":"Account temporarily locked. Try again later."}
    assert 429 == 200
     +  where 429 = &lt;Response [429]&gt;.status_code</error></testcase><testcase classname="backend.tests.test_phase_a.TestUserActions" name="test_extend_expiry" time="0.000"><error message="failed on setup with &quot;AssertionError: login admin@izqms.com failed: 429 {&quot;detail&quot;:&quot;Account temporarily locked. Try again later.&quot;}&#10;assert 429 == 200&#10; +  where 429 = &lt;Response [429]&gt;.status_code&quot;">E   AssertionError: login admin@izqms.com failed: 429 {"detail":"Account temporarily locked. Try again later."}
    assert 429 == 200
     +  where 429 = &lt;Response [429]&gt;.status_code</error></testcase><testcase classname="backend.tests.test_phase_a.TestUserActions" name="test_extend_expiry_missing_date_returns_400" time="0.000"><error message="failed on setup with &quot;AssertionError: login admin@izqms.com failed: 429 {&quot;detail&quot;:&quot;Account temporarily locked. Try again later.&quot;}&#10;assert 429 == 200&#10; +  where 429 = &lt;Response [429]&gt;.status_code&quot;">E   AssertionError: login admin@izqms.com failed: 429 {"detail":"Account temporarily locked. Try again later."}
    assert 429 == 200
     +  where 429 = &lt;Response [429]&gt;.status_code</error></testcase><testcase classname="backend.tests.test_phase_a.TestUserActions" name="test_reject_user" time="0.000"><error message="failed on setup with &quot;AssertionError: login admin@izqms.com failed: 429 {&quot;detail&quot;:&quot;Account temporarily locked. Try again later.&quot;}&#10;assert 429 == 200&#10; +  where 429 = &lt;Response [429]&gt;.status_code&quot;">E   AssertionError: login admin@izqms.com failed: 429 {"detail":"Account temporarily locked. Try again later."}
    assert 429 == 200
     +  where 429 = &lt;Response [429]&gt;.status_code</error></testcase><testcase classname="backend.tests.test_phase_a.TestResetPasswordFlow" name="test_reset_returns_temp_and_forces_must_change" time="0.000"><error message="failed on setup with &quot;AssertionError: login admin@izqms.com failed: 429 {&quot;detail&quot;:&quot;Account temporarily locked. Try again later.&quot;}&#10;assert 429 == 200&#10; +  where 429 = &lt;Response [429]&gt;.status_code&quot;">E   AssertionError: login admin@izqms.com failed: 429 {"detail":"Account temporarily locked. Try again later."}
    assert 429 == 200
     +  where 429 = &lt;Response [429]&gt;.status_code</error></testcase><testcase classname="backend.tests.test_phase_a.TestChangePassword" name="test_change_password_flow" time="0.000"><error message="failed on setup with &quot;AssertionError: login admin@izqms.com failed: 429 {&quot;detail&quot;:&quot;Account temporarily locked. Try again later.&quot;}&#10;assert 429 == 200&#10; +  where 429 = &lt;Response [429]&gt;.status_code&quot;">E   AssertionError: login admin@izqms.com failed: 429 {"detail":"Account temporarily locked. Try again later."}
    assert 429 == 200
     +  where 429 = &lt;Response [429]&gt;.status_code</error></testcase><testcase classname="backend.tests.test_phase_a.TestForgotPassword" name="test_existing_email_returns_200" time="0.111" /><testcase classname="backend.tests.test_phase_a.TestForgotPassword" name="test_nonexisting_email_also_returns_200" time="0.110" /><testcase classname="backend.tests.test_phase_a.TestPasswordPolicy" name="test_get_policy" time="0.000"><error message="failed on setup with &quot;AssertionError: login admin@izqms.com failed: 429 {&quot;detail&quot;:&quot;Account temporarily locked. Try again later.&quot;}&#10;assert 429 == 200&#10; +  where 429 = &lt;Response [429]&gt;.status_code&quot;">E   AssertionError: login admin@izqms.com failed: 429 {"detail":"Account temporarily locked. Try again later."}
    assert 429 == 200
     +  where 429 = &lt;Response [429]&gt;.status_code</error></testcase><testcase classname="backend.tests.test_phase_a.TestPasswordPolicy" name="test_patch_policy_admin_only" time="0.000"><error message="failed on setup with &quot;AssertionError: login admin@izqms.com failed: 429 {&quot;detail&quot;:&quot;Account temporarily locked. Try again later.&quot;}&#10;assert 429 == 200&#10; +  where 429 = &lt;Response [429]&gt;.status_code&quot;">E   AssertionError: login admin@izqms.com failed: 429 {"detail":"Account temporarily locked. Try again later."}
    assert 429 == 200
     +  where 429 = &lt;Response [429]&gt;.status_code</error></testcase><testcase classname="backend.tests.test_phase_a.TestSessions" name="test_list_sessions_admin_only" time="0.000"><error message="failed on setup with &quot;AssertionError: login admin@izqms.com failed: 429 {&quot;detail&quot;:&quot;Account temporarily locked. Try again later.&quot;}&#10;assert 429 == 200&#10; +  where 429 = &lt;Response [429]&gt;.status_code&quot;">E   AssertionError: login admin@izqms.com failed: 429 {"detail":"Account temporarily locked. Try again later."}
    assert 429 == 200
     +  where 429 = &lt;Response [429]&gt;.status_code</error></testcase><testcase classname="backend.tests.test_phase_a.TestSessions" name="test_revoke_session_invalidates_token" time="0.000"><error message="failed on setup with &quot;AssertionError: login admin@izqms.com failed: 429 {&quot;detail&quot;:&quot;Account temporarily locked. Try again later.&quot;}&#10;assert 429 == 200&#10; +  where 429 = &lt;Response [429]&gt;.status_code&quot;">E   AssertionError: login admin@izqms.com failed: 429 {"detail":"Account temporarily locked. Try again later."}
    assert 429 == 200
     +  where 429 = &lt;Response [429]&gt;.status_code</error></testcase><testcase classname="backend.tests.test_phase_a.TestNotifications" name="test_list_and_mark_read" time="0.000"><error message="failed on setup with &quot;AssertionError: login admin@izqms.com failed: 429 {&quot;detail&quot;:&quot;Account temporarily locked. Try again later.&quot;}&#10;assert 429 == 200&#10; +  where 429 = &lt;Response [429]&gt;.status_code&quot;">E   AssertionError: login admin@izqms.com failed: 429 {"detail":"Account temporarily locked. Try again later."}
    assert 429 == 200
     +  where 429 = &lt;Response [429]&gt;.status_code</error></testcase><testcase classname="backend.tests.test_phase_a.TestLoginGates" name="test_login_locked_user_returns_403" time="0.000"><error message="failed on setup with &quot;AssertionError: login admin@izqms.com failed: 429 {&quot;detail&quot;:&quot;Account temporarily locked. Try again later.&quot;}&#10;assert 429 == 200&#10; +  where 429 = &lt;Response [429]&gt;.status_code&quot;">E   AssertionError: login admin@izqms.com failed: 429 {"detail":"Account temporarily locked. Try again later."}
    assert 429 == 200
     +  where 429 = &lt;Response [429]&gt;.status_code</error></testcase><testcase classname="backend.tests.test_phase_a.TestLoginGates" name="test_login_deactivated_user_returns_403" time="0.000"><error message="failed on setup with &quot;AssertionError: login admin@izqms.com failed: 429 {&quot;detail&quot;:&quot;Account temporarily locked. Try again later.&quot;}&#10;assert 429 == 200&#10; +  where 429 = &lt;Response [429]&gt;.status_code&quot;">E   AssertionError: login admin@izqms.com failed: 429 {"detail":"Account temporarily locked. Try again later."}
    assert 429 == 200
     +  where 429 = &lt;Response [429]&gt;.status_code</error></testcase><testcase classname="backend.tests.test_phase_a.TestLoginGates" name="test_login_pending_approval_returns_403" time="0.394"><failure message="AssertionError: {&quot;detail&quot;:&quot;Insufficient role privileges&quot;}&#10;assert 403 == 200&#10; +  where 403 = &lt;Response [403]&gt;.status_code">E   AssertionError: {"detail":"Insufficient role privileges"}
    assert 403 == 200
     +  where 403 = &lt;Response [403]&gt;.status_code</failure></testcase><testcase classname="backend.tests.test_phase_a.TestLoginGates" name="test_failed_login_increments_counter_and_audits" time="0.000"><error message="failed on setup with &quot;AssertionError: login admin@izqms.com failed: 429 {&quot;detail&quot;:&quot;Account temporarily locked. Try again later.&quot;}&#10;assert 429 == 200&#10; +  where 429 = &lt;Response [429]&gt;.status_code&quot;">E   AssertionError: login admin@izqms.com failed: 429 {"detail":"Account temporarily locked. Try again later."}
    assert 429 == 200
     +  where 429 = &lt;Response [429]&gt;.status_code</error></testcase><testcase classname="backend.tests.test_phase_a.TestLoginGates" name="test_successful_login_resets_counter_and_sets_last_login" time="0.000"><error message="failed on setup with &quot;AssertionError: login admin@izqms.com failed: 429 {&quot;detail&quot;:&quot;Account temporarily locked. Try again later.&quot;}&#10;assert 429 == 200&#10; +  where 429 = &lt;Response [429]&gt;.status_code&quot;">E   AssertionError: login admin@izqms.com failed: 429 {"detail":"Account temporarily locked. Try again later."}
    assert 429 == 200
     +  where 429 = &lt;Response [429]&gt;.status_code</error></testcase><testcase classname="backend.tests.test_phase_a.TestDraft" name="test_create_draft" time="0.057" /><testcase classname="backend.tests.test_phase_a.TestUserAudit" name="test_user_audit_returns_entries_sorted_desc" time="0.000"><error message="failed on setup with &quot;AssertionError: login admin@izqms.com failed: 429 {&quot;detail&quot;:&quot;Account temporarily locked. Try again later.&quot;}&#10;assert 429 == 200&#10; +  where 429 = &lt;Response [429]&gt;.status_code&quot;">E   AssertionError: login admin@izqms.com failed: 429 {"detail":"Account temporarily locked. Try again later."}
    assert 429 == 200
     +  where 429 = &lt;Response [429]&gt;.status_code</error></testcase><testcase classname="backend.tests.test_phase_b.TestAttachments" name="test_upload_list_download_delete" time="0.102"><error message="failed on setup with &quot;AssertionError: login admin@izqms.com failed: {&quot;detail&quot;:&quot;Account temporarily locked. Try again later.&quot;}&#10;assert 429 == 200&#10; +  where 429 = &lt;Response [429]&gt;.status_code&quot;">E   AssertionError: login admin@izqms.com failed: {"detail":"Account temporarily locked. Try again later."}
    assert 429 == 200
     +  where 429 = &lt;Response [429]&gt;.status_code</error></testcase><testcase classname="backend.tests.test_phase_b.TestExports" name="test_records_csv" time="0.000"><error message="failed on setup with &quot;AssertionError: login admin@izqms.com failed: {&quot;detail&quot;:&quot;Account temporarily locked. Try again later.&quot;}&#10;assert 429 == 200&#10; +  where 429 = &lt;Response [429]&gt;.status_code&quot;">E   AssertionError: login admin@izqms.com failed: {"detail":"Account temporarily locked. Try again later."}
    assert 429 == 200
     +  where 429 = &lt;Response [429]&gt;.status_code</error></testcase><testcase classname="backend.tests.test_phase_b.TestExports" name="test_records_xlsx" time="0.000"><error message="failed on setup with &quot;AssertionError: login admin@izqms.com failed: {&quot;detail&quot;:&quot;Account temporarily locked. Try again later.&quot;}&#10;assert 429 == 200&#10; +  where 429 = &lt;Response [429]&gt;.status_code&quot;">E   AssertionError: login admin@izqms.com failed: {"detail":"Account temporarily locked. Try again later."}
    assert 429 == 200
     +  where 429 = &lt;Response [429]&gt;.status_code</error></testcase><testcase classname="backend.tests.test_phase_b.TestExports" name="test_audit_csv" time="0.000"><error message="failed on setup with &quot;AssertionError: login admin@izqms.com failed: {&quot;detail&quot;:&quot;Account temporarily locked. Try again later.&quot;}&#10;assert 429 == 200&#10; +  where 429 = &lt;Response [429]&gt;.status_code&quot;">E   AssertionError: login admin@izqms.com failed: {"detail":"Account temporarily locked. Try again later."}
    assert 429 == 200
     +  where 429 = &lt;Response [429]&gt;.status_code</error></testcase><testcase classname="backend.tests.test_phase_b.TestExports" name="test_export_audits_emitted" time="0.000"><error message="failed on setup with &quot;AssertionError: login admin@izqms.com failed: {&quot;detail&quot;:&quot;Account temporarily locked. Try again later.&quot;}&#10;assert 429 == 200&#10; +  where 429 = &lt;Response [429]&gt;.status_code&quot;">E   AssertionError: login admin@izqms.com failed: {"detail":"Account temporarily locked. Try again later."}
    assert 429 == 200
     +  where 429 = &lt;Response [429]&gt;.status_code</error></testcase><testcase classname="backend.tests.test_phase_b.TestFormSchemas" name="test_list_and_update" time="0.000"><error message="failed on setup with &quot;AssertionError: login admin@izqms.com failed: {&quot;detail&quot;:&quot;Account temporarily locked. Try again later.&quot;}&#10;assert 429 == 200&#10; +  where 429 = &lt;Response [429]&gt;.status_code&quot;">E   AssertionError: login admin@izqms.com failed: {"detail":"Account temporarily locked. Try again later."}
    assert 429 == 200
     +  where 429 = &lt;Response [429]&gt;.status_code</error></testcase><testcase classname="backend.tests.test_phase_b.TestRiskScore" name="test_compute_rpn" time="0.000"><error message="failed on setup with &quot;AssertionError: login admin@izqms.com failed: {&quot;detail&quot;:&quot;Account temporarily locked. Try again later.&quot;}&#10;assert 429 == 200&#10; +  where 429 = &lt;Response [429]&gt;.status_code&quot;">E   AssertionError: login admin@izqms.com failed: {"detail":"Account temporarily locked. Try again later."}
    assert 429 == 200
     +  where 429 = &lt;Response [429]&gt;.status_code</error></testcase><testcase classname="backend.tests.test_phase_b.TestRiskScore" name="test_invalid_range_returns_400_or_422" time="0.000"><error message="failed on setup with &quot;AssertionError: login admin@izqms.com failed: {&quot;detail&quot;:&quot;Account temporarily locked. Try again later.&quot;}&#10;assert 429 == 200&#10; +  where 429 = &lt;Response [429]&gt;.status_code&quot;">E   AssertionError: login admin@izqms.com failed: {"detail":"Account temporarily locked. Try again later."}
    assert 429 == 200
     +  where 429 = &lt;Response [429]&gt;.status_code</error></testcase><testcase classname="backend.tests.test_phase_b.TestReports" name="test_trend" time="0.000"><error message="failed on setup with &quot;AssertionError: login admin@izqms.com failed: {&quot;detail&quot;:&quot;Account temporarily locked. Try again later.&quot;}&#10;assert 429 == 200&#10; +  where 429 = &lt;Response [429]&gt;.status_code&quot;">E   AssertionError: login admin@izqms.com failed: {"detail":"Account temporarily locked. Try again later."}
    assert 429 == 200
     +  where 429 = &lt;Response [429]&gt;.status_code</error></testcase><testcase classname="backend.tests.test_phase_b.TestReports" name="test_aging" time="0.000"><error message="failed on setup with &quot;AssertionError: login admin@izqms.com failed: {&quot;detail&quot;:&quot;Account temporarily locked. Try again later.&quot;}&#10;assert 429 == 200&#10; +  where 429 = &lt;Response [429]&gt;.status_code&quot;">E   AssertionError: login admin@izqms.com failed: {"detail":"Account temporarily locked. Try again later."}
    assert 429 == 200
     +  where 429 = &lt;Response [429]&gt;.status_code</error></testcase><testcase classname="backend.tests.test_phase_b.TestPasswordResetConsume" name="test_forgot_then_reset_via_token" time="0.000"><error message="failed on setup with &quot;AssertionError: login admin@izqms.com failed: {&quot;detail&quot;:&quot;Account temporarily locked. Try again later.&quot;}&#10;assert 429 == 200&#10; +  where 429 = &lt;Response [429]&gt;.status_code&quot;">E   AssertionError: login admin@izqms.com failed: {"detail":"Account temporarily locked. Try again later."}
    assert 429 == 200
     +  where 429 = &lt;Response [429]&gt;.status_code</error></testcase><testcase classname="backend.tests.test_phase_b.TestDeviationFlow" name="test_part1_to_open" time="0.002"><error message="failed on setup with &quot;AssertionError: login admin@izqms.com failed: {&quot;detail&quot;:&quot;Account temporarily locked. Try again later.&quot;}&#10;assert 429 == 200&#10; +  where 429 = &lt;Response [429]&gt;.status_code&quot;">E   AssertionError: login admin@izqms.com failed: {"detail":"Account temporarily locked. Try again later."}
    assert 429 == 200
     +  where 429 = &lt;Response [429]&gt;.status_code</error></testcase><testcase classname="backend.tests.test_phase_b.TestDeviationFlow" name="test_part6_to_in_review" time="0.000"><error message="failed on setup with &quot;AssertionError: login admin@izqms.com failed: {&quot;detail&quot;:&quot;Account temporarily locked. Try again later.&quot;}&#10;assert 429 == 200&#10; +  where 429 = &lt;Response [429]&gt;.status_code&quot;">E   AssertionError: login admin@izqms.com failed: {"detail":"Account temporarily locked. Try again later."}
    assert 429 == 200
     +  where 429 = &lt;Response [429]&gt;.status_code</error></testcase><testcase classname="backend.tests.test_phase_b.TestDeviationFlow" name="test_extension_and_dept_comment" time="0.000"><error message="failed on setup with &quot;AssertionError: login admin@izqms.com failed: {&quot;detail&quot;:&quot;Account temporarily locked. Try again later.&quot;}&#10;assert 429 == 200&#10; +  where 429 = &lt;Response [429]&gt;.status_code&quot;">E   AssertionError: login admin@izqms.com failed: {"detail":"Account temporarily locked. Try again later."}
    assert 429 == 200
     +  where 429 = &lt;Response [429]&gt;.status_code</error></testcase><testcase classname="backend.tests.test_phase_b.TestDeviationFlow" name="test_part9_to_approved_then_closed" time="0.000"><error message="failed on setup with &quot;AssertionError: login admin@izqms.com failed: {&quot;detail&quot;:&quot;Account temporarily locked. Try again later.&quot;}&#10;assert 429 == 200&#10; +  where 429 = &lt;Response [429]&gt;.status_code&quot;">E   AssertionError: login admin@izqms.com failed: {"detail":"Account temporarily locked. Try again later."}
    assert 429 == 200
     +  where 429 = &lt;Response [429]&gt;.status_code</error></testcase><testcase classname="backend.tests.test_phase_b.TestDeviationFlow" name="test_sign_wrong_password_401" time="0.000"><error message="failed on setup with &quot;AssertionError: login admin@izqms.com failed: {&quot;detail&quot;:&quot;Account temporarily locked. Try again later.&quot;}&#10;assert 429 == 200&#10; +  where 429 = &lt;Response [429]&gt;.status_code&quot;">E   AssertionError: login admin@izqms.com failed: {"detail":"Account temporarily locked. Try again later."}
    assert 429 == 200
     +  where 429 = &lt;Response [429]&gt;.status_code</error></testcase><testcase classname="backend.tests.test_phase_b.TestDeviationFlow" name="test_pdf_export" time="0.000"><error message="failed on setup with &quot;AssertionError: login admin@izqms.com failed: {&quot;detail&quot;:&quot;Account temporarily locked. Try again later.&quot;}&#10;assert 429 == 200&#10; +  where 429 = &lt;Response [429]&gt;.status_code&quot;">E   AssertionError: login admin@izqms.com failed: {"detail":"Account temporarily locked. Try again later."}
    assert 429 == 200
     +  where 429 = &lt;Response [429]&gt;.status_code</error></testcase><testcase classname="backend.tests.test_phase_b.TestDeviationFlow" name="test_audit_entries_for_dev_module" time="0.002"><error message="failed on setup with &quot;AssertionError: login admin@izqms.com failed: {&quot;detail&quot;:&quot;Account temporarily locked. Try again later.&quot;}&#10;assert 429 == 200&#10; +  where 429 = &lt;Response [429]&gt;.status_code&quot;">E   AssertionError: login admin@izqms.com failed: {"detail":"Account temporarily locked. Try again later."}
    assert 429 == 200
     +  where 429 = &lt;Response [429]&gt;.status_code</error></testcase></testsuite></testsuites>