<?xml version="1.0" encoding="utf-8"?><testsuites name="pytest tests"><testsuite name="pytest" errors="0" failures="0" skipped="0" tests="16" time="7.301" timestamp="2026-05-24T21:07:21.265691+00:00" hostname="agent-env-78e50d5a-3dd1-40f0-95bc-b169f9d631ee"><testcase classname="backend.tests.test_role_mgmt" name="test_module_catalog" time="0.464" /><testcase classname="backend.tests.test_role_mgmt" name="test_seed_roles_present" time="0.116" /><testcase classname="backend.tests.test_role_mgmt" name="test_super_admin_has_all_permissions" time="0.111" /><testcase classname="backend.tests.test_role_mgmt" name="test_create_custom_role" time="0.238" /><testcase classname="backend.tests.test_role_mgmt" name="test_update_role" time="0.327" /><testcase classname="backend.tests.test_role_mgmt" name="test_copy_role" time="0.209" /><testcase classname="backend.tests.test_role_mgmt" name="test_deactivate_activate_role" time="0.348" /><testcase classname="backend.tests.test_role_mgmt" name="test_system_roles_cannot_be_deactivated" time="0.220" /><testcase classname="backend.tests.test_role_mgmt" name="test_user_effective_permissions" time="0.207" /><testcase classname="backend.tests.test_role_mgmt" name="test_add_additional_override" time="0.231" /><testcase classname="backend.tests.test_role_mgmt" name="test_add_restricted_override" time="0.203" /><testcase classname="backend.tests.test_role_mgmt" name="test_temporary_override" time="3.356" /><testcase classname="backend.tests.test_role_mgmt" name="test_remove_override" time="0.240" /><testcase classname="backend.tests.test_role_mgmt" name="test_assign_and_revoke_dynamic_role" time="0.433" /><testcase classname="backend.tests.test_role_mgmt" name="test_invalid_override_module_action" time="0.111" /><testcase classname="backend.tests.test_role_mgmt" name="test_non_admin_cannot_create_role" time="0.425" /></testsuite></testsuites>