<?xml version="1.0" encoding="utf-8"?><testsuites name="pytest tests"><testsuite name="pytest" errors="0" failures="0" skipped="0" tests="9" time="3.907" timestamp="2026-05-24T21:50:31.400479+00:00" hostname="agent-env-78e50d5a-3dd1-40f0-95bc-b169f9d631ee"><testcase classname="backend.tests.test_module_framework" name="test_seed_plants_present" time="0.526" /><testcase classname="backend.tests.test_module_framework" name="test_create_plant" time="0.215" /><testcase classname="backend.tests.test_module_framework" name="test_template_lifecycle" time="0.944" /><testcase classname="backend.tests.test_module_framework" name="test_template_copy" time="0.245" /><testcase classname="backend.tests.test_module_framework" name="test_create_dynamic_record" time="0.331" /><testcase classname="backend.tests.test_module_framework" name="test_workflow_transition" time="0.551" /><testcase classname="backend.tests.test_module_framework" name="test_bad_password_blocks_transition" time="0.460" /><testcase classname="backend.tests.test_module_framework" name="test_employee_cannot_create_template" time="0.444" /><testcase classname="backend.tests.test_module_framework" name="test_audit_export_csv" time="0.132" /></testsuite></testsuites>