<?xml version="1.0" encoding="utf-8"?><testsuites name="pytest tests"><testsuite name="pytest" errors="0" failures="0" skipped="1" tests="18" time="5.895" timestamp="2026-05-22T15:25:59.532429+00:00" hostname="agent-env-ac7b3482-66f2-4525-8b31-8ae9564e3a08"><testcase classname="test_phase_b.TestAttachments" name="test_upload_list_download_delete" time="0.846" /><testcase classname="test_phase_b.TestExports" name="test_records_csv" time="0.073" /><testcase classname="test_phase_b.TestExports" name="test_records_xlsx" time="0.089" /><testcase classname="test_phase_b.TestExports" name="test_audit_csv" time="0.101" /><testcase classname="test_phase_b.TestExports" name="test_export_audits_emitted" time="0.345" /><testcase classname="test_phase_b.TestFormSchemas" name="test_list_and_update" time="0.300" /><testcase classname="test_phase_b.TestRiskScore" name="test_compute_rpn" time="0.150" /><testcase classname="test_phase_b.TestRiskScore" name="test_invalid_range_returns_400_or_422" time="0.169" /><testcase classname="test_phase_b.TestReports" name="test_trend" time="0.090" /><testcase classname="test_phase_b.TestReports" name="test_aging" time="0.082" /><testcase classname="test_phase_b.TestPasswordResetConsume" name="test_forgot_then_reset_via_token" time="0.726"><skipped type="pytest.skip" message="password_reset_tokens not stored — cannot test consume">/app/backend/tests/test_phase_b.py:228: password_reset_tokens not stored — cannot test consume</skipped></testcase><testcase classname="test_phase_b.TestDeviationFlow" name="test_part1_to_open" time="0.551" /><testcase classname="test_phase_b.TestDeviationFlow" name="test_part6_to_in_review" time="0.512" /><testcase classname="test_phase_b.TestDeviationFlow" name="test_extension_and_dept_comment" time="0.156" /><testcase classname="test_phase_b.TestDeviationFlow" name="test_part9_to_approved_then_closed" time="0.853" /><testcase classname="test_phase_b.TestDeviationFlow" name="test_sign_wrong_password_401" time="0.491" /><testcase classname="test_phase_b.TestDeviationFlow" name="test_pdf_export" time="0.136" /><testcase classname="test_phase_b.TestDeviationFlow" name="test_audit_entries_for_dev_module" time="0.131" /></testsuite></testsuites>