<?xml version="1.0" encoding="utf-8"?><testsuites name="pytest tests"><testsuite name="pytest" errors="0" failures="1" skipped="0" tests="8" time="2.950" timestamp="2026-05-24T21:07:59.824101+00:00" hostname="agent-env-78e50d5a-3dd1-40f0-95bc-b169f9d631ee"><testcase classname="backend.tests.test_role_mgmt_extra" name="test_non_admin_cannot_create_override" time="1.047" /><testcase classname="backend.tests.test_role_mgmt_extra" name="test_non_admin_cannot_patch_role" time="0.225" /><testcase classname="backend.tests.test_role_mgmt_extra" name="test_auditor_cannot_create_role" time="0.456" /><testcase classname="backend.tests.test_role_mgmt_extra" name="test_auditor_cannot_assign_role" time="0.215" /><testcase classname="backend.tests.test_role_mgmt_extra" name="test_cannot_remove_last_role" time="0.237" /><testcase classname="backend.tests.test_role_mgmt_extra" name="test_override_remove_writes_audit" time="0.359" /><testcase classname="backend.tests.test_role_mgmt_extra" name="test_role_audit_contains_create_and_update" time="0.218" /><testcase classname="backend.tests.test_role_mgmt_extra" name="test_modules_have_dashboard_user_management" time="0.113"><failure message="assert False&#10; +  where False = any(&lt;generator object test_modules_have_dashboard_user_management.&lt;locals&gt;.&lt;genexpr&gt; at 0xfa0617e63680&gt;)">backend/tests/test_role_mgmt_extra.py:117: in test_modules_have_dashboard_user_management
    assert any(k in um_acts for k in ("create", "view", "edit"))
E   assert False
E    +  where False = any(&lt;generator object test_modules_have_dashboard_user_management.&lt;locals&gt;.&lt;genexpr&gt; at 0xfa0617e63680&gt;)</failure></testcase></testsuite></testsuites>