<?xml version="1.0" encoding="utf-8"?><testsuites name="pytest tests"><testsuite name="pytest" errors="0" failures="1" skipped="0" tests="51" time="35.356" timestamp="2026-05-24T20:23:23.108571+00:00" hostname="agent-env-62ccc1dc-10c8-4f5d-bc3d-5543f854156d"><testcase classname="backend.tests.test_role_matrix.TestSeedLogins" name="test_canonical_seed_login[creds0]" time="0.459" /><testcase classname="backend.tests.test_role_matrix.TestSeedLogins" name="test_canonical_seed_login[creds1]" time="0.349" /><testcase classname="backend.tests.test_role_matrix.TestSeedLogins" name="test_canonical_seed_login[creds2]" time="0.361" /><testcase classname="backend.tests.test_role_matrix.TestSeedLogins" name="test_canonical_seed_login[creds3]" time="0.334" /><testcase classname="backend.tests.test_role_matrix.TestSeedLogins" name="test_canonical_seed_login[creds4]" time="0.369" /><testcase classname="backend.tests.test_role_matrix.TestSeedLogins" name="test_canonical_seed_login[creds5]" time="0.397" /><testcase classname="backend.tests.test_role_matrix.TestSeedLogins" name="test_canonical_seed_login[creds6]" time="0.368" /><testcase classname="backend.tests.test_role_matrix.TestLegacyMigration" name="test_legacy_login_still_works[creds0]" time="0.353" /><testcase classname="backend.tests.test_role_matrix.TestLegacyMigration" name="test_legacy_login_still_works[creds1]" time="0.331" /><testcase classname="backend.tests.test_role_matrix.TestLegacyMigration" name="test_legacy_login_still_works[creds2]" time="0.338" /><testcase classname="backend.tests.test_role_matrix.TestLegacyMigration" name="test_legacy_roles_migrated_to_canonical" time="0.386" /><testcase classname="backend.tests.test_role_matrix.TestRolesEndpoint" name="test_roles_payload_for_super_admin" time="0.412" /><testcase classname="backend.tests.test_role_matrix.TestRolesEndpoint" name="test_roles_payload_for_auditor" time="0.441" /><testcase classname="backend.tests.test_role_matrix.TestRolesEndpoint" name="test_roles_payload_for_employee" time="0.435" /><testcase classname="backend.tests.test_role_matrix.TestRecordActionGating" name="test_employee_cannot_approve" time="1.074" /><testcase classname="backend.tests.test_role_matrix.TestRecordActionGating" name="test_employee_cannot_close" time="0.662" /><testcase classname="backend.tests.test_role_matrix.TestRecordActionGating" name="test_employee_cannot_review" time="0.618" /><testcase classname="backend.tests.test_role_matrix.TestRecordActionGating" name="test_qa_reviewer_cannot_approve" time="0.690" /><testcase classname="backend.tests.test_role_matrix.TestRecordActionGating" name="test_qa_reviewer_cannot_close" time="0.608" /><testcase classname="backend.tests.test_role_matrix.TestRecordActionGating" name="test_qa_reviewer_can_review" time="1.086" /><testcase classname="backend.tests.test_role_matrix.TestRecordActionGating" name="test_qa_reviewer_can_reject" time="1.299" /><testcase classname="backend.tests.test_role_matrix.TestRecordActionGating" name="test_qa_manager_can_approve_reject_close" time="1.990" /><testcase classname="backend.tests.test_role_matrix.TestRecordActionGating" name="test_auditor_blocked_on_every_action[REVIEW]" time="0.656" /><testcase classname="backend.tests.test_role_matrix.TestRecordActionGating" name="test_auditor_blocked_on_every_action[APPROVE]" time="0.597" /><testcase classname="backend.tests.test_role_matrix.TestRecordActionGating" name="test_auditor_blocked_on_every_action[REJECT]" time="0.613" /><testcase classname="backend.tests.test_role_matrix.TestRecordActionGating" name="test_auditor_blocked_on_every_action[CLOSE]" time="0.599" /><testcase classname="backend.tests.test_role_matrix.TestRecordActionGating" name="test_admin_can_approve" time="1.022" /><testcase classname="backend.tests.test_role_matrix.TestAuditorWriteBlocks" name="test_auditor_cannot_create_record" time="0.381" /><testcase classname="backend.tests.test_role_matrix.TestAuditorWriteBlocks" name="test_auditor_cannot_create_draft" time="0.392" /><testcase classname="backend.tests.test_role_matrix.TestAuditorWriteBlocks" name="test_auditor_can_list_records" time="0.389" /><testcase classname="backend.tests.test_role_matrix.TestAuditorWriteBlocks" name="test_auditor_cannot_patch_record" time="0.439" /><testcase classname="backend.tests.test_role_matrix.TestUserManagementGating" name="test_non_admin_cannot_create_user[creds0]" time="0.401" /><testcase classname="backend.tests.test_role_matrix.TestUserManagementGating" name="test_non_admin_cannot_create_user[creds1]" time="0.410" /><testcase classname="backend.tests.test_role_matrix.TestUserManagementGating" name="test_non_admin_cannot_create_user[creds2]" time="0.372" /><testcase classname="backend.tests.test_role_matrix.TestUserManagementGating" name="test_non_admin_cannot_create_user[creds3]" time="0.404" /><testcase classname="backend.tests.test_role_matrix.TestUserManagementGating" name="test_admin_can_create_user" time="0.814" /><testcase classname="backend.tests.test_role_matrix.TestUserManagementGating" name="test_non_admin_cannot_reset_password[creds0]" time="0.812" /><testcase classname="backend.tests.test_role_matrix.TestUserManagementGating" name="test_non_admin_cannot_reset_password[creds1]" time="0.797" /><testcase classname="backend.tests.test_role_matrix.TestUserManagementGating" name="test_non_admin_cannot_reset_password[creds2]" time="0.945" /><testcase classname="backend.tests.test_role_matrix.TestUserManagementGating" name="test_qa_manager_cannot_lifecycle_user[activate]" time="0.816" /><testcase classname="backend.tests.test_role_matrix.TestUserManagementGating" name="test_qa_manager_cannot_lifecycle_user[deactivate]" time="0.805" /><testcase classname="backend.tests.test_role_matrix.TestUserManagementGating" name="test_qa_manager_cannot_lifecycle_user[lock]" time="0.784" /><testcase classname="backend.tests.test_role_matrix.TestUserManagementGating" name="test_qa_manager_cannot_lifecycle_user[unlock]" time="0.874" /><testcase classname="backend.tests.test_role_matrix.TestUserManagementGating" name="test_qa_manager_can_approve_pending_user" time="1.261"><failure message="AssertionError: newly created user not found&#10;assert None">backend/tests/test_role_matrix.py:403: in test_qa_manager_can_approve_pending_user
    assert target, "newly created user not found"
E   AssertionError: newly created user not found
E   assert None</failure></testcase><testcase classname="backend.tests.test_role_matrix.TestWorkflowConfigGating" name="test_qa_manager_cannot_change_password_policy" time="0.381" /><testcase classname="backend.tests.test_role_matrix.TestWorkflowConfigGating" name="test_employee_cannot_change_password_policy" time="0.453" /><testcase classname="backend.tests.test_role_matrix.TestWorkflowConfigGating" name="test_admin_can_change_password_policy" time="0.433" /><testcase classname="backend.tests.test_role_matrix.TestWorkflowConfigGating" name="test_qa_manager_cannot_put_form_schema" time="0.376" /><testcase classname="backend.tests.test_role_matrix.TestWorkflowConfigGating" name="test_auditor_cannot_put_form_schema" time="0.411" /><testcase classname="backend.tests.test_role_matrix.TestNotificationFanout" name="test_qa_reviewer_notified_on_OPEN" time="2.728" /><testcase classname="backend.tests.test_role_matrix.TestNotificationFanout" name="test_qa_manager_notified_on_IN_REVIEW" time="2.480" /></testsuite></testsuites>