<?xml version="1.0" encoding="utf-8"?><testsuites name="pytest tests"><testsuite name="pytest" errors="0" failures="0" skipped="0" tests="24" time="19.677" timestamp="2026-05-24T21:52:41.052127+00:00" hostname="agent-env-78e50d5a-3dd1-40f0-95bc-b169f9d631ee"><testcase classname="backend.tests.test_module_framework" name="test_seed_plants_present" time="2.220" /><testcase classname="backend.tests.test_module_framework" name="test_create_plant" time="0.779" /><testcase classname="backend.tests.test_module_framework" name="test_template_lifecycle" time="2.799" /><testcase classname="backend.tests.test_module_framework" name="test_template_copy" time="0.720" /><testcase classname="backend.tests.test_module_framework" name="test_create_dynamic_record" time="0.314" /><testcase classname="backend.tests.test_module_framework" name="test_workflow_transition" time="0.788" /><testcase classname="backend.tests.test_module_framework" name="test_bad_password_blocks_transition" time="0.441" /><testcase classname="backend.tests.test_module_framework" name="test_employee_cannot_create_template" time="0.437" /><testcase classname="backend.tests.test_module_framework" name="test_audit_export_csv" time="0.120" /><testcase classname="backend.tests.test_iter6_regression" name="test_legacy_dev_full_lifecycle_admin" time="1.428" /><testcase classname="backend.tests.test_iter6_regression" name="test_qa_manager_review_approve" time="1.139" /><testcase classname="backend.tests.test_iter6_regression" name="test_restricted_override_blocks_then_unblocks" time="2.381" /><testcase classname="backend.tests.test_iter6_regression" name="test_audit_export_json" time="0.117" /><testcase classname="backend.tests.test_iter6_regression" name="test_plant_patch" time="0.226" /><testcase classname="backend.tests.test_iter6_regression" name="test_publish_auto_retires_prev" time="0.702" /><testcase classname="backend.tests.test_iter6_regression" name="test_dynamic_record_audit_isolated" time="0.898" /><testcase classname="backend.tests.test_role_mgmt_extra" name="test_non_admin_cannot_create_override" time="1.893" /><testcase classname="backend.tests.test_role_mgmt_extra" name="test_non_admin_cannot_patch_role" time="0.241" /><testcase classname="backend.tests.test_role_mgmt_extra" name="test_auditor_cannot_create_role" time="0.420" /><testcase classname="backend.tests.test_role_mgmt_extra" name="test_auditor_cannot_assign_role" time="0.219" /><testcase classname="backend.tests.test_role_mgmt_extra" name="test_cannot_remove_last_role" time="0.215" /><testcase classname="backend.tests.test_role_mgmt_extra" name="test_override_remove_writes_audit" time="0.321" /><testcase classname="backend.tests.test_role_mgmt_extra" name="test_role_audit_contains_create_and_update" time="0.210" /><testcase classname="backend.tests.test_role_mgmt_extra" name="test_modules_have_dashboard_user_management" time="0.132" /></testsuite></testsuites>