<?xml version="1.0" encoding="utf-8"?><testsuites name="pytest tests"><testsuite name="pytest" errors="0" failures="0" skipped="0" tests="56" time="44.898" timestamp="2026-05-22T15:22:50.539443+00:00" hostname="agent-env-ac7b3482-66f2-4525-8b31-8ae9564e3a08"><testcase classname="test_phase_a.TestUserCreate" name="test_admin_creates_user_with_temp_password" time="0.931" /><testcase classname="test_phase_a.TestUserCreate" name="test_admin_creates_user_with_given_password_no_temp" time="0.532" /><testcase classname="test_phase_a.TestUserCreate" name="test_duplicate_email_returns_400" time="0.849" /><testcase classname="test_phase_a.TestUserCreate" name="test_duplicate_username_returns_400" time="0.845" /><testcase classname="test_phase_a.TestUserCreate" name="test_initiator_cannot_create_user" time="0.425" /><testcase classname="test_phase_a.TestUserCreate" name="test_wrong_esign_password_returns_401" time="0.298" /><testcase classname="test_phase_a.TestUserList" name="test_get_users_expanded_fields" time="0.132" /><testcase classname="test_phase_a.TestUserActions" name="test_initiator_cannot_call_actions" time="2.765" /><testcase classname="test_phase_a.TestUserActions" name="test_wrong_esign_returns_401_and_audits_esign_failed" time="0.914" /><testcase classname="test_phase_a.TestUserActions" name="test_deactivate_then_activate" time="1.148" /><testcase classname="test_phase_a.TestUserActions" name="test_lock_then_unlock" time="1.157" /><testcase classname="test_phase_a.TestUserActions" name="test_extend_expiry" time="0.837" /><testcase classname="test_phase_a.TestUserActions" name="test_extend_expiry_missing_date_returns_400" time="0.852" /><testcase classname="test_phase_a.TestUserActions" name="test_reject_user" time="1.220" /><testcase classname="test_phase_a.TestResetPasswordFlow" name="test_reset_returns_temp_and_forces_must_change" time="4.398" /><testcase classname="test_phase_a.TestChangePassword" name="test_change_password_flow" time="2.930" /><testcase classname="test_phase_a.TestForgotPassword" name="test_existing_email_returns_200" time="0.117" /><testcase classname="test_phase_a.TestForgotPassword" name="test_nonexisting_email_also_returns_200" time="0.110" /><testcase classname="test_phase_a.TestPasswordPolicy" name="test_get_policy" time="0.077" /><testcase classname="test_phase_a.TestPasswordPolicy" name="test_patch_policy_admin_only" time="0.261" /><testcase classname="test_phase_a.TestSessions" name="test_list_sessions_admin_only" time="0.152" /><testcase classname="test_phase_a.TestSessions" name="test_revoke_session_invalidates_token" time="3.731" /><testcase classname="test_phase_a.TestNotifications" name="test_list_and_mark_read" time="3.142" /><testcase classname="test_phase_a.TestLoginGates" name="test_login_locked_user_returns_403" time="0.984" /><testcase classname="test_phase_a.TestLoginGates" name="test_login_deactivated_user_returns_403" time="1.004" /><testcase classname="test_phase_a.TestLoginGates" name="test_login_pending_approval_returns_403" time="0.998" /><testcase classname="test_phase_a.TestLoginGates" name="test_failed_login_increments_counter_and_audits" time="1.861" /><testcase classname="test_phase_a.TestLoginGates" name="test_successful_login_resets_counter_and_sets_last_login" time="1.293" /><testcase classname="test_phase_a.TestDraft" name="test_create_draft" time="0.076" /><testcase classname="test_phase_a.TestUserAudit" name="test_user_audit_returns_entries_sorted_desc" time="1.202" /><testcase classname="test_izqms_backend.TestHealth" name="test_root" time="0.145" /><testcase classname="test_izqms_backend.TestAuth" name="test_login_success_returns_user_and_token_and_sets_cookies" time="0.348" /><testcase classname="test_izqms_backend.TestAuth" name="test_login_wrong_password_401" time="0.363" /><testcase classname="test_izqms_backend.TestAuth" name="test_auth_me_via_cookie" time="0.427" /><testcase classname="test_izqms_backend.TestAuth" name="test_auth_me_via_bearer" time="0.477" /><testcase classname="test_izqms_backend.TestAuth" name="test_logout_clears_cookies" time="0.544" /><testcase classname="test_izqms_backend.TestAuth" name="test_unauthenticated_rejected" time="0.748" /><testcase classname="test_izqms_backend.TestAuth" name="test_brute_force_lockout" time="0.777" /><testcase classname="test_izqms_backend.TestDashboard" name="test_summary" time="0.418" /><testcase classname="test_izqms_backend.TestDashboard" name="test_my_tasks_admin" time="0.069" /><testcase classname="test_izqms_backend.TestDashboard" name="test_my_tasks_initiator_returns_empty" time="0.408" /><testcase classname="test_izqms_backend.TestRecords" name="test_list_with_filters" time="0.068" /><testcase classname="test_izqms_backend.TestRecords" name="test_create_record_and_persistence" time="0.204" /><testcase classname="test_izqms_backend.TestRecords" name="test_record_numbering_sequential" time="0.218" /><testcase classname="test_izqms_backend.TestRecords" name="test_patch_record_audits_old_new" time="0.214" /><testcase classname="test_izqms_backend.TestRecords" name="test_get_nonexistent_record_404" time="0.075" /><testcase classname="test_izqms_backend.TestWorkflow" name="test_esign_invalid_password_returns_401_and_audits" time="0.430" /><testcase classname="test_izqms_backend.TestWorkflow" name="test_full_workflow_open_review_approve_close" time="1.094" /><testcase classname="test_izqms_backend.TestWorkflow" name="test_reject_then_reopen" time="0.957" /><testcase classname="test_izqms_backend.TestWorkflow" name="test_reviewer_only_user_cannot_approve" time="0.706" /><testcase classname="test_izqms_backend.TestComments" name="test_add_and_list_comments" time="0.239" /><testcase classname="test_izqms_backend.TestUsers" name="test_list_users_no_password_hash" time="0.083" /><testcase classname="test_izqms_backend.TestUsers" name="test_patch_user_as_admin_audits" time="0.212" /><testcase classname="test_izqms_backend.TestUsers" name="test_patch_user_as_non_admin_403" time="0.176" /><testcase classname="test_izqms_backend.TestAuditGlobal" name="test_audit_filters" time="0.084" /><testcase classname="test_izqms_backend.TestAuditGlobal" name="test_audit_filter_by_email" time="0.078" /></testsuite></testsuites>