<?xml version="1.0" encoding="utf-8"?><testsuites name="pytest tests"><testsuite name="pytest" errors="0" failures="1" skipped="0" tests="7" time="7.087" timestamp="2026-05-24T21:52:03.891217+00:00" hostname="agent-env-78e50d5a-3dd1-40f0-95bc-b169f9d631ee"><testcase classname="backend.tests.test_iter6_regression" name="test_legacy_dev_full_lifecycle_admin" time="1.482" /><testcase classname="backend.tests.test_iter6_regression" name="test_qa_manager_review_approve" time="1.261" /><testcase classname="backend.tests.test_iter6_regression" name="test_restricted_override_blocks_then_unblocks" time="2.691" /><testcase classname="backend.tests.test_iter6_regression" name="test_audit_export_json" time="0.107" /><testcase classname="backend.tests.test_iter6_regression" name="test_plant_patch" time="0.230" /><testcase classname="backend.tests.test_iter6_regression" name="test_publish_auto_retires_prev" time="0.663" /><testcase classname="backend.tests.test_iter6_regression" name="test_dynamic_record_audit_isolated" time="0.554"><failure message="requests.exceptions.HTTPError: 422 Client Error: Unprocessable Entity for url: https://permission-matrix-9.preview.emergentagent.com/api/module-framework/records/5889394e-6d66-4fb1-8847-5e41741f1761/transition">backend/tests/test_iter6_regression.py:178: in test_dynamic_record_audit_isolated
    json={"to_stage": "REVIEW", "password": ADMIN[1], "reason": "go"}, timeout=10).raise_for_status()
                                                                                   ^^^^^^^^^^^^^^^^^^
/root/.venv/lib/python3.11/site-packages/requests/models.py:1167: in raise_for_status
    raise HTTPError(http_error_msg, response=self)
E   requests.exceptions.HTTPError: 422 Client Error: Unprocessable Entity for url: https://permission-matrix-9.preview.emergentagent.com/api/module-framework/records/5889394e-6d66-4fb1-8847-5e41741f1761/transition</failure></testcase></testsuite></testsuites>