<?xml version="1.0" encoding="utf-8"?><testsuites name="pytest tests"><testsuite name="pytest" errors="0" failures="2" skipped="0" tests="30" time="32.770" timestamp="2026-05-21T17:06:08.266341+00:00" hostname="agent-env-ac7b3482-66f2-4525-8b31-8ae9564e3a08"><testcase classname="backend.tests.test_phase_a.TestUserCreate" name="test_admin_creates_user_with_temp_password" time="1.107" /><testcase classname="backend.tests.test_phase_a.TestUserCreate" name="test_admin_creates_user_with_given_password_no_temp" time="0.522" /><testcase classname="backend.tests.test_phase_a.TestUserCreate" name="test_duplicate_email_returns_400" time="0.845" /><testcase classname="backend.tests.test_phase_a.TestUserCreate" name="test_duplicate_username_returns_400" time="0.819" /><testcase classname="backend.tests.test_phase_a.TestUserCreate" name="test_initiator_cannot_create_user" time="0.393" /><testcase classname="backend.tests.test_phase_a.TestUserCreate" name="test_wrong_esign_password_returns_401" time="0.296" /><testcase classname="backend.tests.test_phase_a.TestUserList" name="test_get_users_expanded_fields" time="0.075" /><testcase classname="backend.tests.test_phase_a.TestUserActions" name="test_initiator_cannot_call_actions" time="0.908" /><testcase classname="backend.tests.test_phase_a.TestUserActions" name="test_wrong_esign_returns_401_and_audits_esign_failed" time="0.908" /><testcase classname="backend.tests.test_phase_a.TestUserActions" name="test_deactivate_then_activate" time="1.130" /><testcase classname="backend.tests.test_phase_a.TestUserActions" name="test_lock_then_unlock" time="1.106" /><testcase classname="backend.tests.test_phase_a.TestUserActions" name="test_extend_expiry" time="0.821" /><testcase classname="backend.tests.test_phase_a.TestUserActions" name="test_extend_expiry_missing_date_returns_400" time="0.860" /><testcase classname="backend.tests.test_phase_a.TestUserActions" name="test_reject_user" time="1.184" /><testcase classname="backend.tests.test_phase_a.TestResetPasswordFlow" name="test_reset_returns_temp_and_forces_must_change" time="4.061"><failure message="AssertionError: old token should be revoked, got 200&#10;assert 200 == 401&#10; +  where 200 = &lt;Response [200]&gt;.status_code">backend/tests/test_phase_a.py:321: in test_reset_returns_temp_and_forces_must_change
    assert me.status_code == 401, f"old token should be revoked, got {me.status_code}"
E   AssertionError: old token should be revoked, got 200
E   assert 200 == 401
E    +  where 200 = &lt;Response [200]&gt;.status_code</failure></testcase><testcase classname="backend.tests.test_phase_a.TestChangePassword" name="test_change_password_flow" time="2.843" /><testcase classname="backend.tests.test_phase_a.TestForgotPassword" name="test_existing_email_returns_200" time="0.175" /><testcase classname="backend.tests.test_phase_a.TestForgotPassword" name="test_nonexisting_email_also_returns_200" time="0.148" /><testcase classname="backend.tests.test_phase_a.TestPasswordPolicy" name="test_get_policy" time="0.070" /><testcase classname="backend.tests.test_phase_a.TestPasswordPolicy" name="test_patch_policy_admin_only" time="0.226" /><testcase classname="backend.tests.test_phase_a.TestSessions" name="test_list_sessions_admin_only" time="0.118" /><testcase classname="backend.tests.test_phase_a.TestSessions" name="test_revoke_session_invalidates_token" time="3.727"><failure message="assert 200 == 401&#10; +  where 200 = &lt;Response [200]&gt;.status_code">backend/tests/test_phase_a.py:441: in test_revoke_session_invalidates_token
    assert me.status_code == 401
E   assert 200 == 401
E    +  where 200 = &lt;Response [200]&gt;.status_code</failure></testcase><testcase classname="backend.tests.test_phase_a.TestNotifications" name="test_list_and_mark_read" time="3.102" /><testcase classname="backend.tests.test_phase_a.TestLoginGates" name="test_login_locked_user_returns_403" time="1.062" /><testcase classname="backend.tests.test_phase_a.TestLoginGates" name="test_login_deactivated_user_returns_403" time="0.963" /><testcase classname="backend.tests.test_phase_a.TestLoginGates" name="test_login_pending_approval_returns_403" time="1.007" /><testcase classname="backend.tests.test_phase_a.TestLoginGates" name="test_failed_login_increments_counter_and_audits" time="1.407" /><testcase classname="backend.tests.test_phase_a.TestLoginGates" name="test_successful_login_resets_counter_and_sets_last_login" time="1.345" /><testcase classname="backend.tests.test_phase_a.TestDraft" name="test_create_draft" time="0.063" /><testcase classname="backend.tests.test_phase_a.TestUserAudit" name="test_user_audit_returns_entries_sorted_desc" time="1.183" /></testsuite></testsuites>