<?xml version="1.0" encoding="utf-8"?><testsuites name="pytest tests"><testsuite name="pytest" errors="0" failures="1" skipped="0" tests="26" time="11.588" timestamp="2026-05-21T16:25:42.342906+00:00" hostname="agent-env-ac7b3482-66f2-4525-8b31-8ae9564e3a08"><testcase classname="backend.tests.test_izqms_backend.TestHealth" name="test_root" time="0.309" /><testcase classname="backend.tests.test_izqms_backend.TestAuth" name="test_login_success_returns_user_and_token_and_sets_cookies" time="0.363" /><testcase classname="backend.tests.test_izqms_backend.TestAuth" name="test_login_wrong_password_401" time="0.364" /><testcase classname="backend.tests.test_izqms_backend.TestAuth" name="test_auth_me_via_cookie" time="0.448" /><testcase classname="backend.tests.test_izqms_backend.TestAuth" name="test_auth_me_via_bearer" time="0.490" /><testcase classname="backend.tests.test_izqms_backend.TestAuth" name="test_logout_clears_cookies" time="0.520" /><testcase classname="backend.tests.test_izqms_backend.TestAuth" name="test_unauthenticated_rejected" time="1.996" /><testcase classname="backend.tests.test_izqms_backend.TestAuth" name="test_brute_force_lockout" time="0.854"><failure message="AssertionError: Expected lockout 429 after 5 attempts, got [401, 401, 401, 401, 401, 401]&#10;assert 429 in [401, 401, 401, 401, 401, 401]">backend/tests/test_izqms_backend.py:156: in test_brute_force_lockout
    assert 429 in statuses, f"Expected lockout 429 after 5 attempts, got {statuses}"
E   AssertionError: Expected lockout 429 after 5 attempts, got [401, 401, 401, 401, 401, 401]
E   assert 429 in [401, 401, 401, 401, 401, 401]</failure></testcase><testcase classname="backend.tests.test_izqms_backend.TestDashboard" name="test_summary" time="0.458" /><testcase classname="backend.tests.test_izqms_backend.TestDashboard" name="test_my_tasks_admin" time="0.080" /><testcase classname="backend.tests.test_izqms_backend.TestDashboard" name="test_my_tasks_initiator_returns_empty" time="0.419" /><testcase classname="backend.tests.test_izqms_backend.TestRecords" name="test_list_with_filters" time="0.079" /><testcase classname="backend.tests.test_izqms_backend.TestRecords" name="test_create_record_and_persistence" time="0.220" /><testcase classname="backend.tests.test_izqms_backend.TestRecords" name="test_record_numbering_sequential" time="0.219" /><testcase classname="backend.tests.test_izqms_backend.TestRecords" name="test_patch_record_audits_old_new" time="0.260" /><testcase classname="backend.tests.test_izqms_backend.TestRecords" name="test_get_nonexistent_record_404" time="0.067" /><testcase classname="backend.tests.test_izqms_backend.TestWorkflow" name="test_esign_invalid_password_returns_401_and_audits" time="0.481" /><testcase classname="backend.tests.test_izqms_backend.TestWorkflow" name="test_full_workflow_open_review_approve_close" time="1.141" /><testcase classname="backend.tests.test_izqms_backend.TestWorkflow" name="test_reject_then_reopen" time="0.981" /><testcase classname="backend.tests.test_izqms_backend.TestWorkflow" name="test_reviewer_only_user_cannot_approve" time="0.701" /><testcase classname="backend.tests.test_izqms_backend.TestComments" name="test_add_and_list_comments" time="0.282" /><testcase classname="backend.tests.test_izqms_backend.TestUsers" name="test_list_users_no_password_hash" time="0.070" /><testcase classname="backend.tests.test_izqms_backend.TestUsers" name="test_patch_user_as_admin_audits" time="0.235" /><testcase classname="backend.tests.test_izqms_backend.TestUsers" name="test_patch_user_as_non_admin_403" time="0.129" /><testcase classname="backend.tests.test_izqms_backend.TestAuditGlobal" name="test_audit_filters" time="0.077" /><testcase classname="backend.tests.test_izqms_backend.TestAuditGlobal" name="test_audit_filter_by_email" time="0.074" /></testsuite></testsuites>